SF:lib\data\repositories\email_repository_impl.dart
DA:6,1
DA:14,0
DA:15,0
DA:17,0
DA:19,0
DA:21,0
DA:26,0
DA:31,0
DA:34,1
DA:37,2
DA:39,1
DA:41,2
DA:45,2
DA:49,0
DA:52,0
DA:54,0
DA:56,0
DA:60,0
DA:63,1
DA:66,3
DA:68,1
DA:69,1
DA:73,1
DA:75,1
DA:76,0
DA:77,0
DA:78,0
DA:79,0
DA:80,0
DA:81,0
DA:84,1
DA:87,2
DA:91,2
DA:95,1
DA:96,1
DA:97,2
DA:98,3
DA:99,2
DA:100,1
DA:103,1
DA:104,1
DA:106,1
DA:107,2
DA:108,1
DA:109,1
DA:112,0
DA:113,0
DA:114,0
DA:115,0
DA:116,0
DA:117,0
DA:118,0
DA:125,1
DA:126,2
DA:128,1
DA:129,1
DA:130,3
DA:131,2
DA:132,3
DA:133,3
DA:134,2
DA:135,4
DA:136,2
DA:137,2
DA:138,2
DA:139,3
DA:143,1
DA:144,1
DA:145,0
DA:146,0
DA:147,0
DA:148,0
DA:152,1
DA:153,1
DA:156,1
DA:157,1
DA:159,1
DA:160,1
DA:163,0
DA:164,0
DA:165,0
DA:166,0
DA:167,0
DA:170,1
DA:171,1
DA:172,0
DA:173,0
DA:174,0
DA:175,0
DA:179,2
DA:182,1
DA:183,1
DA:186,0
DA:187,0
DA:188,0
DA:189,0
DA:190,0
DA:191,0
DA:192,0
DA:193,0
DA:196,0
DA:199,1
DA:200,1
DA:201,0
DA:203,0
DA:204,0
DA:205,0
DA:206,0
DA:207,0
DA:208,0
DA:212,1
DA:213,1
DA:214,0
DA:216,0
DA:217,0
DA:218,0
DA:222,1
DA:223,1
DA:224,0
DA:228,1
DA:229,2
DA:230,0
DA:233,0
DA:234,0
DA:235,0
DA:236,0
DA:237,0
DA:241,0
DA:242,0
DA:243,0
DA:245,0
DA:246,0
DA:247,0
DA:251,1
DA:252,2
DA:253,1
DA:254,3
DA:255,1
DA:259,0
DA:260,0
DA:261,0
DA:262,0
DA:263,0
DA:267,1
DA:269,1
DA:270,1
DA:273,0
DA:274,0
DA:275,0
DA:278,0
DA:279,0
DA:280,0
DA:282,1
DA:284,2
LF:154
LH:72
end_of_record
SF:lib\data\datasources\remote\api_service.dart
DA:14,0
DA:19,0
DA:20,0
LF:3
LH:0
end_of_record
SF:lib\domain\entities\email.dart
DA:13,1
DA:20,1
DA:29,0
DA:44,0
DA:57,0
DA:73,1
LF:6
LH:3
end_of_record
SF:lib\app\app.dart
DA:8,0
DA:10,1
DA:12,2
DA:14,1
DA:16,1
DA:17,1
DA:20,1
DA:21,1
DA:22,1
LF:9
LH:8
end_of_record
SF:lib\core\di\di.dart
DA:24,3
DA:26,1
DA:27,2
DA:29,1
DA:30,2
DA:31,2
DA:32,3
DA:38,2
DA:39,0
DA:41,2
DA:42,0
DA:44,2
DA:45,2
DA:48,2
DA:49,0
DA:51,2
DA:52,0
DA:55,2
DA:56,0
DA:57,0
DA:64,2
DA:65,0
DA:66,0
DA:67,0
DA:68,0
DA:71,2
DA:72,0
DA:73,0
DA:74,0
DA:77,2
DA:78,0
DA:79,0
DA:86,2
DA:87,0
DA:89,2
DA:90,0
LF:36
LH:19
end_of_record
SF:lib\core\theme\app_theme.dart
DA:5,0
DA:7,1
DA:8,1
DA:17,1
DA:46,1
DA:47,1
DA:54,1
LF:7
LH:6
end_of_record
SF:lib\core\theme\theme_controller.dart
DA:5,1
DA:6,3
DA:13,0
DA:15,1
DA:16,1
DA:18,0
DA:19,0
DA:20,0
DA:21,0
LF:9
LH:4
end_of_record
SF:lib\presentation\screens\auth\splash_screen.dart
DA:6,1
DA:8,1
DA:9,1
DA:15,1
DA:17,1
DA:19,3
DA:20,1
DA:24,1
DA:25,1
DA:27,1
DA:29,3
DA:30,1
DA:31,1
DA:36,1
DA:38,1
DA:39,1
DA:51,1
DA:52,1
DA:54,1
DA:55,1
DA:59,1
DA:61,1
DA:62,1
DA:63,1
DA:64,1
DA:70,1
DA:78,1
DA:81,1
DA:85,1
LF:29
LH:29
end_of_record
SF:lib\data\datasources\local\auth_secure_storage.dart
DA:6,0
DA:20,0
DA:21,0
DA:22,0
DA:23,0
DA:24,0
DA:25,0
DA:26,0
DA:27,0
DA:28,0
DA:29,0
DA:30,0
DA:32,0
DA:34,0
DA:35,0
DA:36,0
DA:37,0
DA:38,0
DA:39,0
DA:43,0
DA:44,0
DA:45,0
DA:46,0
DA:47,0
DA:49,0
DA:52,0
DA:54,0
DA:60,0
DA:63,0
DA:64,0
DA:68,0
DA:70,0
DA:72,0
LF:33
LH:0
end_of_record
SF:lib\data\datasources\remote\api_service_impl.dart
DA:7,0
DA:8,0
DA:13,0
DA:15,0
DA:17,0
DA:18,0
DA:21,0
DA:27,0
DA:28,0
DA:29,0
DA:30,0
DA:32,0
DA:35,0
DA:36,0
DA:37,0
DA:38,0
DA:40,0
LF:17
LH:0
end_of_record
SF:lib\data\datasources\remote\backend_auth_data_source.dart
DA:9,0
DA:10,0
DA:20,0
DA:24,0
DA:25,0
DA:26,0
DA:28,0
DA:29,0
DA:30,0
DA:31,0
DA:34,0
DA:35,0
DA:39,0
DA:45,0
DA:46,0
DA:49,0
DA:50,0
DA:52,0
DA:53,0
DA:54,0
DA:55,0
DA:56,0
DA:57,0
DA:59,0
DA:60,0
DA:61,0
DA:62,0
DA:64,0
DA:66,0
DA:70,0
DA:72,0
DA:73,0
DA:74,0
DA:84,1
LF:34
LH:1
end_of_record
SF:lib\data\datasources\remote\google_auth_data_source.dart
DA:7,0
DA:8,0
DA:19,0
DA:21,0
DA:22,0
DA:24,0
DA:29,0
DA:30,0
DA:32,0
DA:33,0
DA:36,0
DA:37,0
DA:38,0
DA:39,0
DA:40,0
DA:43,0
DA:45,0
DA:46,0
DA:50,0
DA:51,0
DA:52,0
DA:55,0
DA:56,0
DA:63,0
DA:64,0
DA:65,0
DA:68,0
LF:27
LH:0
end_of_record
SF:lib\data\repositories\auth_repository_impl.dart
DA:8,0
DA:20,0
DA:21,0
DA:23,0
DA:24,0
DA:26,0
DA:28,0
DA:29,0
DA:32,0
DA:33,0
DA:36,0
DA:38,0
DA:39,0
LF:13
LH:0
end_of_record
SF:lib\domain\usecases\auth_usecase.dart
DA:5,0
DA:9,0
DA:11,0
DA:13,0
DA:15,0
LF:5
LH:0
end_of_record
SF:lib\domain\usecases\email_usecase.dart
DA:5,0
DA:8,0
DA:9,0
DA:10,0
DA:11,0
DA:12,0
DA:15,0
DA:16,0
DA:17,0
DA:18,0
LF:10
LH:0
end_of_record
SF:lib\data\repositories\settings_repository_impl.dart
DA:7,0
DA:9,0
DA:11,0
DA:14,0
DA:16,0
DA:19,0
DA:21,0
DA:24,0
DA:26,0
DA:29,0
DA:31,0
DA:34,0
DA:36,0
DA:39,0
DA:41,0
DA:44,0
DA:46,0
LF:17
LH:0
end_of_record
SF:lib\data\datasources\local\database_helper.dart
DA:5,0
DA:7,0
DA:11,0
DA:13,0
DA:17,0
DA:18,0
DA:20,0
DA:21,0
DA:23,0
DA:27,0
DA:28,0
LF:11
LH:0
end_of_record
SF:lib\data\datasources\local\email_local_datasource_impl.dart
DA:11,0
DA:15,0
DA:17,0
DA:18,0
DA:22,0
DA:24,0
DA:26,0
DA:28,0
DA:29,0
DA:30,0
DA:31,0
DA:32,0
DA:33,0
DA:34,0
DA:35,0
DA:36,0
DA:37,0
DA:38,0
DA:39,0
DA:42,0
DA:44,0
DA:45,0
DA:46,0
DA:47,0
DA:48,0
DA:49,0
DA:50,0
DA:51,0
DA:52,0
DA:53,0
DA:54,0
DA:57,0
DA:59,0
DA:61,0
DA:62,0
DA:63,0
DA:64,0
DA:65,0
DA:66,0
DA:68,0
DA:70,0
DA:71,0
DA:72,0
DA:74,0
DA:80,0
DA:82,0
DA:84,0
DA:86,0
DA:89,0
DA:91,0
DA:93,0
DA:95,0
DA:96,0
DA:97,0
DA:98,0
DA:99,0
DA:102,0
DA:104,0
DA:107,0
DA:108,0
DA:111,0
DA:113,0
DA:115,0
DA:118,0
DA:121,0
DA:125,0
DA:128,0
DA:130,0
DA:132,0
DA:134,0
DA:136,0
DA:140,0
DA:142,0
DA:143,0
DA:144,0
DA:145,0
DA:146,0
DA:149,0
DA:152,0
DA:153,0
DA:154,0
DA:155,0
DA:156,0
DA:157,0
DA:158,0
DA:161,0
DA:165,0
DA:166,0
DA:168,0
DA:169,0
DA:170,0
DA:171,0
DA:172,0
DA:173,0
DA:175,0
DA:176,0
DA:178,0
DA:179,0
DA:180,0
DA:187,0
DA:188,0
DA:190,0
DA:191,0
DA:192,0
DA:193,0
DA:195,0
DA:199,0
DA:200,0
DA:201,0
DA:202,0
DA:203,0
DA:204,0
DA:205,0
DA:208,0
DA:209,0
DA:210,0
DA:211,0
DA:215,0
DA:216,0
DA:217,0
LF:120
LH:0
end_of_record
SF:lib\core\theme\app_palette.dart
DA:4,0
LF:1
LH:0
end_of_record
SF:lib\domain\entities\app_user.dart
DA:2,0
LF:1
LH:0
end_of_record
SF:lib\domain\entities\auth_session.dart
DA:4,0
LF:1
LH:0
end_of_record
SF:lib\presentation\screens\auth\login_screen.dart
DA:10,1
DA:12,0
DA:13,0
DA:19,0
DA:21,0
DA:22,0
DA:23,0
DA:24,0
DA:27,0
DA:29,0
DA:30,0
DA:31,0
DA:34,0
DA:35,0
DA:38,0
DA:39,0
DA:40,0
DA:42,0
DA:43,0
DA:47,0
DA:49,0
DA:51,0
DA:52,0
DA:60,0
DA:61,0
DA:63,0
DA:65,0
DA:70,0
DA:71,0
DA:73,0
DA:85,1
DA:87,0
DA:89,0
DA:90,0
DA:91,0
DA:95,0
DA:97,0
DA:99,0
DA:116,1
DA:118,0
DA:120,0
DA:122,0
DA:134,0
DA:136,0
DA:137,0
DA:149,0
DA:154,0
DA:156,0
DA:159,0
DA:160,0
DA:161,0
DA:163,0
DA:165,0
DA:166,0
DA:170,0
DA:181,0
DA:182,0
DA:191,0
DA:195,0
DA:197,0
DA:200,0
DA:201,0
DA:202,0
DA:203,0
DA:205,0
DA:206,0
LF:66
LH:3
end_of_record
SF:lib\presentation\screens\navigation\main_navigation_screen.dart
DA:7,1
DA:9,1
DA:10,1
DA:22,1
DA:24,1
DA:25,3
DA:27,1
DA:28,0
DA:29,0
DA:31,0
DA:39,1
DA:40,1
DA:43,0
DA:44,0
DA:45,0
DA:49,1
DA:57,1
DA:58,1
DA:60,1
DA:63,1
DA:66,1
LF:21
LH:15
end_of_record
SF:lib\presentation\viewmodels\auth_view_model.dart
DA:17,0
DA:25,0
DA:27,0
DA:33,0
DA:34,0
DA:35,0
DA:37,0
DA:38,0
DA:39,0
DA:40,0
DA:41,0
DA:44,0
DA:45,0
DA:46,0
DA:47,0
DA:50,0
DA:51,0
DA:52,0
DA:53,0
DA:54,0
DA:55,0
DA:56,0
DA:57,0
DA:59,0
DA:60,0
DA:61,0
DA:62,0
DA:65,0
DA:66,0
DA:67,0
DA:72,0
DA:73,0
DA:74,0
DA:75,0
DA:76,0
DA:79,0
DA:80,0
DA:81,0
DA:83,0
DA:86,0
LF:40
LH:0
end_of_record
SF:lib\presentation\screens\inbox\inbox_screen.dart
DA:4,1
DA:6,1
DA:8,1
DA:9,1
LF:4
LH:4
end_of_record
SF:lib\presentation\screens\profile\profile_screen.dart
DA:8,1
DA:10,0
DA:11,0
DA:21,0
DA:23,0
DA:24,0
DA:27,0
DA:29,0
DA:30,0
DA:31,0
DA:33,0
DA:42,0
DA:43,0
DA:58,0
DA:61,0
DA:62,0
DA:63,0
DA:64,0
DA:69,0
DA:71,0
DA:72,0
DA:73,0
DA:74,0
DA:79,0
DA:81,0
DA:82,0
DA:83,0
DA:84,0
DA:87,0
DA:99,0
DA:100,0
DA:104,0
DA:105,0
DA:106,0
DA:107,0
DA:112,0
DA:117,0
DA:120,0
DA:121,0
DA:123,0
DA:124,0
DA:126,0
LF:42
LH:1
end_of_record
SF:lib\presentation\screens\prompt\prompt_screen.dart
DA:4,1
DA:6,0
DA:8,0
DA:9,0
LF:4
LH:1
end_of_record
